CRITICAL - 2023-12-22 00:29:30 --> Trying to access array offset on value of type null
in APPPATH\Views\operator\aheader.php on line 5.
 1 APPPATH\Views\operator\aheader.php(5): CodeIgniter\Debug\Exceptions->errorHandler(2, 'Trying to access array offset on value of type null', 'APPPATH\\Views\\operator\\aheader.php', 5)
 2 SYSTEMPATH\View\View.php(213): include('APPPATH\\Views\\operator\\aheader.php')
 3 SYSTEMPATH\View\View.php(216): CodeIgniter\View\View->CodeIgniter\View\{closure}()
 4 SYSTEMPATH\Common.php(1134): CodeIgniter\View\View->render('operator/aheader', [], true)
 5 APPPATH\Views\operator\pengajuanlaporan.php(14): view('operator/aheader')
 6 SYSTEMPATH\View\View.php(213): include('APPPATH\\Views\\operator\\pengajuanlaporan.php')
 7 SYSTEMPATH\View\View.php(216): CodeIgniter\View\View->CodeIgniter\View\{closure}()
 8 SYSTEMPATH\Common.php(1134): CodeIgniter\View\View->render('operator/pengajuanlaporan', [], true)
 9 APPPATH\Controllers\Pengajuan.php(471): view('operator/pengajuanlaporan', [...])
10 SYSTEMPATH\CodeIgniter.php(927): App\Controllers\Pengajuan->tampillaporan()
11 SYSTEMPATH\CodeIgniter.php(482): CodeIgniter\CodeIgniter->runController(Object(App\Controllers\Pengajuan))
12 SYSTEMPATH\CodeIgniter.php(351): CodeIgniter\CodeIgniter->handleRequest(null, Object(Config\Cache), false)
13 FCPATH\index.php(67): CodeIgniter\CodeIgniter->run()
14 SYSTEMPATH\Commands\Server\rewrite.php(46): require_once('FCPATH\\index.php')
CRITICAL - 2023-12-22 00:29:30 --> Uncaught ErrorException: file_get_contents(C:\xampp\htdocs\sikunker\app\Views\errors\html\debug.js): Failed to open stream: No such file or directory in C:\xampp\htdocs\sikunker\app\Views\errors\html\error_exception.php:14
Stack trace:
#0 [internal function]: CodeIgniter\Debug\Exceptions->errorHandler(2, 'file_get_conten...', 'C:\\xampp\\htdocs...', 14)
#1 C:\xampp\htdocs\sikunker\app\Views\errors\html\error_exception.php(14): file_get_contents('C:\\xampp\\htdocs...')
#2 C:\xampp\htdocs\sikunker\system\Debug\Exceptions.php(284): include('C:\\xampp\\htdocs...')
#3 C:\xampp\htdocs\sikunker\system\Debug\Exceptions.php(287): CodeIgniter\Debug\Exceptions->CodeIgniter\Debug\{closure}()
#4 C:\xampp\htdocs\sikunker\system\Debug\Exceptions.php(139): CodeIgniter\Debug\Exceptions->render(Object(ErrorException), 500)
#5 [internal function]: CodeIgniter\Debug\Exceptions->exceptionHandler(Object(ErrorException))
#6 {main}
  thrown
in APPPATH\Views\errors\html\error_exception.php on line 14.
 1 [internal function]: CodeIgniter\Debug\Exceptions->shutdownHandler()
